AlienAdsV2/build/intermediates/manifest_merge_blame_file/debug/manifest-merger-blame-debug-report.txt
1<?xml version="1.0" encoding="utf-8"?>
2<manifest xmlns:android="http://schemas.android.com/apk/res/android"
3    package="com.aliendroid.alienads" >
4
5    <uses-sdk
6        android:minSdkVersion="21"
6-->src/main/AndroidManifest.xml
7        android:targetSdkVersion="30" />
7-->src/main/AndroidManifest.xml
8
9    <uses-permission android:name="android.permission.INTERNET" />
9-->src/main/AndroidManifest.xml:4:5-67
9-->src/main/AndroidManifest.xml:4:22-64
10    <uses-permission android:name="android.permission.ACCESS_NETWORK_STATE" />
10-->src/main/AndroidManifest.xml:5:5-79
10-->src/main/AndroidManifest.xml:5:22-76
11    <uses-permission android:name="com.google.android.gms.permission.AD_ID" />
11-->src/main/AndroidManifest.xml:6:5-78
11-->src/main/AndroidManifest.xml:6:22-76
12
13    <application android:name="com.aliendroid.alienads.MyApplication" >
13-->src/main/AndroidManifest.xml:9:5-40:19
13-->src/main/AndroidManifest.xml:10:9-61
14        <activity
14-->src/main/AndroidManifest.xml:13:9-16:50
15            android:name="com.ironsource.sdk.controller.ControllerActivity"
15-->src/main/AndroidManifest.xml:14:13-76
16            android:configChanges="orientation|screenSize"
16-->src/main/AndroidManifest.xml:15:13-59
17            android:hardwareAccelerated="true" />
17-->src/main/AndroidManifest.xml:16:13-47
18        <activity
18-->src/main/AndroidManifest.xml:17:9-21:64
19            android:name="com.ironsource.sdk.controller.InterstitialActivity"
19-->src/main/AndroidManifest.xml:18:13-78
20            android:configChanges="orientation|screenSize"
20-->src/main/AndroidManifest.xml:19:13-59
21            android:hardwareAccelerated="true"
21-->src/main/AndroidManifest.xml:20:13-47
22            android:theme="@android:style/Theme.Translucent" />
22-->src/main/AndroidManifest.xml:21:13-61
23        <activity
23-->src/main/AndroidManifest.xml:22:9-26:64
24            android:name="com.ironsource.sdk.controller.OpenUrlActivity"
24-->src/main/AndroidManifest.xml:23:13-73
25            android:configChanges="orientation|screenSize"
25-->src/main/AndroidManifest.xml:24:13-59
26            android:hardwareAccelerated="true"
26-->src/main/AndroidManifest.xml:25:13-47
27            android:theme="@android:style/Theme.Translucent" />
27-->src/main/AndroidManifest.xml:26:13-61
28
29        <provider
29-->src/main/AndroidManifest.xml:27:9-29:83
30            android:name="com.ironsource.lifecycle.IronsourceLifecycleProvider"
30-->src/main/AndroidManifest.xml:29:13-80
31            android:authorities="${applicationId}.IronsourceLifecycleProvider" />
31-->src/main/AndroidManifest.xml:28:13-79
32
33        <meta-data
33-->src/main/AndroidManifest.xml:31:9-33:69
34            android:name="com.google.android.gms.version"
34-->src/main/AndroidManifest.xml:32:13-58
35            android:value="@integer/google_play_services_version" />
35-->src/main/AndroidManifest.xml:33:13-66
36
37        <activity
37-->src/main/AndroidManifest.xml:35:9-37:125
38            android:name="com.google.android.gms.ads.AdActivity"
38-->src/main/AndroidManifest.xml:36:13-65
39            android:configChanges="keyboard|keyboardHidden|orientation|screenLayout|uiMode|screenSize|smallestScreenSize" />
39-->src/main/AndroidManifest.xml:37:13-122
40    </application>
41
42</manifest>